[     114ms] [LOG] [Fast Refresh] rebuilding @ http://localhost:3000/_next/static/chunks/node_modules_next_dist_f3530cac._.js:2297
[     150ms] [LOG] [Fast Refresh] done in 138ms @ http://localhost:3000/_next/static/chunks/node_modules_next_dist_f3530cac._.js:2297
[     180ms] [WARNING] <link rel=preload> uses an unsupported `as` value @ http://localhost:3000/?_bust=1:0
[     180ms] [WARNING] <link rel=preload> uses an unsupported `as` value @ http://localhost:3000/?_bust=1:0
[     180ms] [WARNING] <link rel=preload> uses an unsupported `as` value @ http://localhost:3000/?_bust=1:0
[     180ms] [WARNING] <link rel=preload> uses an unsupported `as` value @ http://localhost:3000/?_bust=1:0
[     180ms] [WARNING] <link rel=preload> uses an unsupported `as` value @ http://localhost:3000/?_bust=1:0
[     180ms] [WARNING] <link rel=preload> uses an unsupported `as` value @ http://localhost:3000/?_bust=1:0
[     214ms] [INFO] %cDownload the React DevTools for a better development experience: https://react.dev/link/react-devtools font-weight:bold @ http://localhost:3000/_next/static/chunks/node_modules_next_dist_f3530cac._.js:2297
[     303ms] [LOG] [HMR] connected @ http://localhost:3000/_next/static/chunks/node_modules_next_dist_f3530cac._.js:2297
[   59131ms] [ERROR] WebSocket connection to 'ws://localhost:3000/_next/webpack-hmr?id=f0w4uq4BJMDVDjtlS-saR' failed: Error in connection establishment: net::ERR_CONNECTION_REFUSED @ http://localhost:3000/_next/static/chunks/node_modules_next_dist_client_17643121._.js:10878
[   61474ms] [ERROR] WebSocket connection to 'ws://localhost:3000/_next/webpack-hmr?id=f0w4uq4BJMDVDjtlS-saR' failed: Error in connection establishment: net::ERR_CONNECTION_REFUSED @ http://localhost:3000/_next/static/chunks/node_modules_next_dist_client_17643121._.js:10878
[   63808ms] [ERROR] WebSocket connection to 'ws://localhost:3000/_next/webpack-hmr?id=f0w4uq4BJMDVDjtlS-saR' failed: Error in connection establishment: net::ERR_CONNECTION_REFUSED @ http://localhost:3000/_next/static/chunks/node_modules_next_dist_client_17643121._.js:10878
[   66126ms] [ERROR] WebSocket connection to 'ws://localhost:3000/_next/webpack-hmr?id=f0w4uq4BJMDVDjtlS-saR' failed: Error in connection establishment: net::ERR_CONNECTION_REFUSED @ http://localhost:3000/_next/static/chunks/node_modules_next_dist_client_17643121._.js:10878
[   68469ms] [ERROR] WebSocket connection to 'ws://localhost:3000/_next/webpack-hmr?id=f0w4uq4BJMDVDjtlS-saR' failed: Error in connection establishment: net::ERR_CONNECTION_REFUSED @ http://localhost:3000/_next/static/chunks/node_modules_next_dist_client_17643121._.js:10878
[   74801ms] [ERROR] WebSocket connection to 'ws://localhost:3000/_next/webpack-hmr?id=f0w4uq4BJMDVDjtlS-saR' failed: Error in connection establishment: net::ERR_CONNECTION_REFUSED @ http://localhost:3000/_next/static/chunks/node_modules_next_dist_client_17643121._.js:10878
[   81144ms] [ERROR] WebSocket connection to 'ws://localhost:3000/_next/webpack-hmr?id=f0w4uq4BJMDVDjtlS-saR' failed: Error in connection establishment: net::ERR_CONNECTION_REFUSED @ http://localhost:3000/_next/static/chunks/node_modules_next_dist_client_17643121._.js:10878
[   87470ms] [ERROR] WebSocket connection to 'ws://localhost:3000/_next/webpack-hmr?id=f0w4uq4BJMDVDjtlS-saR' failed: Error in connection establishment: net::ERR_CONNECTION_REFUSED @ http://localhost:3000/_next/static/chunks/node_modules_next_dist_client_17643121._.js:10878
[   93792ms] [ERROR] WebSocket connection to 'ws://localhost:3000/_next/webpack-hmr?id=f0w4uq4BJMDVDjtlS-saR' failed: Error in connection establishment: net::ERR_CONNECTION_REFUSED @ http://localhost:3000/_next/static/chunks/node_modules_next_dist_client_17643121._.js:10878
[  100127ms] [ERROR] WebSocket connection to 'ws://localhost:3000/_next/webpack-hmr?id=f0w4uq4BJMDVDjtlS-saR' failed: Error in connection establishment: net::ERR_CONNECTION_REFUSED @ http://localhost:3000/_next/static/chunks/node_modules_next_dist_client_17643121._.js:10878
[  106475ms] [ERROR] WebSocket connection to 'ws://localhost:3000/_next/webpack-hmr?id=f0w4uq4BJMDVDjtlS-saR' failed: Error in connection establishment: net::ERR_CONNECTION_REFUSED @ http://localhost:3000/_next/static/chunks/node_modules_next_dist_client_17643121._.js:10878
[  112823ms] [ERROR] WebSocket connection to 'ws://localhost:3000/_next/webpack-hmr?id=f0w4uq4BJMDVDjtlS-saR' failed: Error in connection establishment: net::ERR_CONNECTION_REFUSED @ http://localhost:3000/_next/static/chunks/node_modules_next_dist_client_17643121._.js:10878
