[     114ms] [LOG] [Fast Refresh] rebuilding @ http://localhost:3000/_next/static/chunks/node_modules_next_dist_f3530cac._.js:2297
[     119ms] [LOG] [Fast Refresh] done in 105ms @ http://localhost:3000/_next/static/chunks/node_modules_next_dist_f3530cac._.js:2297
[     151ms] [WARNING] <link rel=preload> uses an unsupported `as` value @ http://localhost:3000/:0
[     151ms] [WARNING] <link rel=preload> uses an unsupported `as` value @ http://localhost:3000/:0
[     151ms] [WARNING] <link rel=preload> uses an unsupported `as` value @ http://localhost:3000/:0
[     151ms] [WARNING] <link rel=preload> uses an unsupported `as` value @ http://localhost:3000/:0
[     151ms] [WARNING] <link rel=preload> uses an unsupported `as` value @ http://localhost:3000/:0
[     151ms] [WARNING] <link rel=preload> uses an unsupported `as` value @ http://localhost:3000/:0
[     185ms] [INFO] %cDownload the React DevTools for a better development experience: https://react.dev/link/react-devtools font-weight:bold @ http://localhost:3000/_next/static/chunks/node_modules_next_dist_f3530cac._.js:2297
[     265ms] [LOG] [HMR] connected @ http://localhost:3000/_next/static/chunks/node_modules_next_dist_f3530cac._.js:2297
[   59299ms] [LOG] [Fast Refresh] rebuilding @ http://localhost:3000/_next/static/chunks/node_modules_next_dist_f3530cac._.js:2297
[   59991ms] [LOG] [Fast Refresh] done in 785ms @ http://localhost:3000/_next/static/chunks/node_modules_next_dist_f3530cac._.js:2297
[   60021ms] [WARNING] <link rel=preload> uses an unsupported `as` value @ http://localhost:3000/:0
[   60021ms] [WARNING] <link rel=preload> uses an unsupported `as` value @ http://localhost:3000/:0
[   60021ms] [WARNING] <link rel=preload> uses an unsupported `as` value @ http://localhost:3000/:0
[   60021ms] [WARNING] <link rel=preload> uses an unsupported `as` value @ http://localhost:3000/:0
[   60022ms] [WARNING] <link rel=preload> uses an unsupported `as` value @ http://localhost:3000/:0
[   60022ms] [WARNING] <link rel=preload> uses an unsupported `as` value @ http://localhost:3000/:0
[   60056ms] [INFO] %cDownload the React DevTools for a better development experience: https://react.dev/link/react-devtools font-weight:bold @ http://localhost:3000/_next/static/chunks/node_modules_next_dist_f3530cac._.js:2297
[   60107ms] [LOG] [HMR] connected @ http://localhost:3000/_next/static/chunks/node_modules_next_dist_f3530cac._.js:2297
